Base path: C:/Program Files/Unity/Editor/Data
Pipe name: \\.\pipe\UnityShaderCompiler-64bit-1-21828
Cmd: getPlatforms
Cmd: preprocess
  insize=1596 outsize=395 ok=1
Cmd: compileSnippet
  api=4 type=0 insize=1507 outsize=1006 kw= ok=1
Cmd: compileSnippet
  api=4 type=1 insize=1507 outsize=2013 kw= ok=1
Cmd: compileSnippet
  api=4 type=0 insize=1001 outsize=1087 kw= ok=1
Cmd: compileSnippet
  api=4 type=1 insize=1001 outsize=859 kw= ok=1
Cmd: compileSnippet
  api=4 type=0 insize=959 outsize=1087 kw= ok=1
Cmd: compileSnippet
  api=4 type=1 insize=959 outsize=616 kw= ok=1
Cmd: compileSnippet
  api=4 type=0 insize=1642 outsize=1290 kw=SOFTPARTICLES_OFF ok=1
Cmd: compileSnippet
  api=4 type=1 insize=1642 outsize=924 kw=SOFTPARTICLES_OFF ok=1
Cmd: compileSnippet
  api=4 type=0 insize=1706 outsize=1290 kw=SOFTPARTICLES_OFF ok=1
Cmd: compileSnippet
  api=4 type=1 insize=1706 outsize=868 kw=SOFTPARTICLES_OFF ok=1
Cmd: compileSnippet
  api=4 type=0 insize=751 outsize=3533 kw=SHADOWS_DEPTH ok=1
Cmd: compileSnippet
  api=4 type=1 insize=751 outsize=380 kw=SHADOWS_DEPTH ok=1
Cmd: compileSnippet
  api=4 type=0 insize=982 outsize=3979 kw=DIRECTIONAL SHADOWS_OFF LIGHTMAP_OFF DIRLIGHTMAP_OFF DYNAMICLIGHTMAP_OFF ok=1
Cmd: compileSnippet
  api=4 type=1 insize=982 outsize=10561 kw=DIRECTIONAL SHADOWS_OFF LIGHTMAP_OFF DIRLIGHTMAP_OFF DYNAMICLIGHTMAP_OFF ok=1
Cmd: compileSnippet
  api=4 type=0 insize=938 outsize=4036 kw=DIRECTIONAL SHADOWS_OFF ok=1
Cmd: compileSnippet
  api=4 type=1 insize=938 outsize=5515 kw=DIRECTIONAL SHADOWS_OFF ok=1
